# Penalty:  52524.03647141816
115
86 5
47 75
55 10
29 68
7 21
54 51
75 2
13 22
35 40
66 93
89 56
8 76
42 36
61 6
1 15
68 43
89 81
26 73
92 44
98 46
16 93
71 29
55 84
22 28
43 87
90 19
69 81
21 54
61 90
39 71
48 12
40 44
93 19
85 51
80 57
73 54
35 63
7 86
59 25
18 72
19 50
39 28
13 12
4 43
81 2
49 40
71 64
4 65
78 27
96 35
14 61
47 94
66 85
16 87
44 18
29 6
63 97
75 61
18 32
63 33
80 97
31 76
12 53
26 21
78 68
97 81
82 38
52 15
40 77
33 38
37 8
2 50
93 88
67 36
78 45
35 83
96 99
77 85
75 12
48 58
33 15
52 28
10 31
20 81
93 65
31 90
32 55
51 68
98 0
96 76
55 38
28 57
9 80
69 94
81 68
3 5
61 67
7 96
54 64
97 25
24 41
26 1
25 14
85 28
2 30
23 89
19 60
97 15
56 89
77 9
64 24
49 30
21 66
44 49
2 97
