# Penalty:  48260.16599696013
112
94 2
21 21
13 35
8 44
28 52
68 93
61 90
37 86
95 45
82 30
27 33
40 58
66 42
39 65
35 31
58 46
49 21
53 74
47 32
25 84
45 77
58 16
15 10
42 2
5 83
74 75
13 65
32 78
38 9
25 11
32 55
50 81
13 55
47 47
46 88
57 97
58 62
29 35
54 64
92 68
26 99
91 85
12 24
59 77
25 92
60 54
21 76
11 3
4 0
89 56
29 24
6 17
49 95
54 56
11 38
87 33
25 71
4 90
48 6
42 39
90 16
67 59
97 81
16 93
90 42
91 7
63 25
83 3
8 9
6 48
35 83
17 71
83 16
86 26
65 3
55 38
16 83
35 96
5 73
92 78
77 98
64 15
31 67
95 88
67 26
82 5
2 17
13 32
32 45
55 28
21 8
20 48
84 69
76 64
99 61
61 34
11 69
96 33
39 28
96 10
4 43
99 51
37 76
36 93
97 93
59 80
25 59
75 37
56 0
75 92
82 11
11 97
