# Penalty:  48336.73754288109
114
26 21
56 11
4 22
34 31
38 63
85 61
10 21
47 37
77 9
27 44
14 82
73 89
93 44
29 4
42 13
75 61
85 77
7 14
86 43
37 38
28 87
22 12
77 82
36 71
9 90
84 4
10 54
5 73
78 35
55 28
9 47
97 15
26 76
58 65
90 97
51 25
88 29
5 30
49 73
60 87
68 63
46 58
20 5
61 4
36 27
70 33
20 27
87 89
34 83
47 81
70 25
16 76
26 16
18 37
64 11
68 69
97 81
42 2
28 67
5 83
45 12
56 21
54 97
97 58
49 18
63 38
82 51
72 6
93 65
98 0
35 60
1 67
66 84
32 91
78 58
68 93
11 4
41 32
45 2
51 45
14 14
20 94
90 9
88 85
77 75
75 2
7 96
32 45
24 41
57 74
2 30
66 51
78 25
19 60
45 90
0 60
11 69
85 18
32 12
83 94
9 1
22 83
41 74
4 43
49 50
87 31
37 66
49 40
11 49
80 4
82 63
18 97
2 9
1 3
